2026-07-17 23:50:41,390 - ServiceTracker - INFO - Loaded 0 notes from CSV
2026-07-17 23:56:51,844 - ServiceTracker - INFO - Loaded 0 notes from CSV
2026-07-17 23:59:10,089 - ServiceTracker - INFO - Loaded 0 notes from CSV
2026-07-17 23:59:26,774 - ServiceTracker - INFO - Loaded 0 notes from CSV
2026-07-17 23:59:26,775 - ServiceTracker - INFO - New ID generated: 1
2026-07-17 23:59:26,776 - StorageServices - INFO - New CSV file was made with a header
2026-07-17 23:59:26,777 - StorageServices - INFO - Added new not in CSV: ID=1
2026-07-17 23:59:26,809 - TrackerCLI - INFO - User added new transaction ID: 1
2026-07-18 00:02:52,295 - ServiceTracker - INFO - Loaded 1 notes from CSV
2026-07-18 00:02:52,297 - TrackerCLI - INFO - User listed 1 transactions
2026-07-18 00:04:18,615 - ServiceTracker - INFO - Loaded 1 notes from CSV
2026-07-18 00:04:18,617 - TrackerCLI - INFO - Starting import from for_import_1.json (size: 3199 bytes)
2026-07-18 00:04:18,619 - StorageServices - INFO - Saved 18 notes in C:\Users\Victor Kozankov\PycharmProjects\Week_5_finance_tracker\data\transactions.csv
2026-07-18 00:04:18,621 - ServiceTracker - INFO - Imported 17 transactions from for_import_1.json
2026-07-18 00:04:52,729 - ServiceTracker - INFO - Loaded 18 notes from CSV
2026-07-18 00:04:52,733 - TrackerCLI - INFO - User listed 18 transactions
2026-07-18 00:05:42,144 - ServiceTracker - INFO - Loaded 18 notes from CSV
2026-07-18 00:05:42,145 - ReportBuilder - INFO - Generated by_type report: 6 transactions
2026-07-18 00:06:43,656 - ServiceTracker - INFO - Loaded 18 notes from CSV
2026-07-18 00:06:43,657 - ReportBuilder - INFO - Generated by_type report: 12 transactions
2026-07-18 00:07:08,443 - ServiceTracker - INFO - Loaded 18 notes from CSV
2026-07-18 00:07:08,454 - TrackerCLI - INFO - User updated transaction ID: 1
2026-07-18 00:08:29,908 - ServiceTracker - INFO - Loaded 18 notes from CSV
2026-07-18 00:08:29,927 - TrackerCLI - INFO - User listed 18 transactions
2026-07-18 00:09:21,632 - ServiceTracker - INFO - Loaded 18 notes from CSV
2026-07-18 00:09:21,637 - TrackerCLI - INFO - User listed 6 transactions
2026-07-18 00:10:39,918 - ServiceTracker - INFO - Loaded 18 notes from CSV
2026-07-18 00:10:39,919 - ReportBuilder - INFO - Generated by_type report: 12 transactions
2026-07-18 00:11:21,257 - ServiceTracker - INFO - Loaded 18 notes from CSV
2026-07-18 00:11:21,266 - TrackerCLI - INFO - User updated transaction ID: 1
2026-07-18 00:14:37,421 - ServiceTracker - INFO - Loaded 18 notes from CSV
2026-07-18 00:14:37,425 - TrackerCLI - INFO - User listed 18 transactions
2026-07-18 00:14:49,178 - ServiceTracker - INFO - Loaded 18 notes from CSV
2026-07-18 00:14:49,179 - ServiceTracker - INFO - Note updated ID=1: income->income, 50000.00->55000.00, salary->salary
2026-07-18 00:14:49,183 - TrackerCLI - INFO - User updated transaction ID: 1
2026-07-18 00:15:02,176 - ServiceTracker - INFO - Loaded 18 notes from CSV
2026-07-18 00:15:02,177 - ReportBuilder - INFO - Generated full_stats report: 18 transactions
2026-07-18 00:18:39,956 - ServiceTracker - INFO - Loaded 18 notes from CSV
2026-07-18 00:18:39,957 - ReportBuilder - INFO - Generated by_type report: 6 transactions
2026-07-18 00:18:39,959 - ReportExporter - INFO - Report exported successfully to report.json (type: by_type)
2026-07-18 00:18:39,959 - TrackerCLI - INFO - User exported report to report.json
2026-07-18 20:31:05,005 - ServiceTracker - INFO - Loaded 18 notes from CSV
2026-07-18 20:31:05,017 - TrackerCLI - INFO - User listed 18 transactions
